allegheny	mono	264352
allegheny	multi	16090
allegheny	serial	3066
arizona	mono	2491557
arizona	multi	122455
arizona	serial	76334
asu	mono	2210400
asu	multi	109817
asu	serial	59233
baylor	mono	968741
baylor	multi	48449
baylor	serial	37409
bc	mono	1410053
bc	multi	63865
bc	serial	32235
berkeley	mono	4658064
berkeley	multi	619140
berkeley	serial	222682
brandeis	mono	814033
brandeis	multi	55255
brandeis	serial	13987
brown	mono	1747787
brown	multi	153995
brown	serial	48236
bu	mono	957562
bu	multi	63636
bu	serial	15976
calgary	mono	285050
calgary	multi	3238
calgary	serial	4853
chi	mono	4281886
chi	multi	183695
chi	serial	148783
cmu	mono	691950
cmu	multi	22912
cmu	serial	9940
colby	mono	400385
colby	multi	16344
colby	serial	3256
columbia	mono	4592041
columbia	multi	307221
columbia	serial	143772
cornell	mono	4289029
cornell	multi	321932
cornell	serial	181458
dart	mono	1466190
dart	multi	69471
dart	serial	29388
duke	mono	2891895
duke	multi	125362
duke	serial	143065
emory	mono	1798049
emory	multi	57742
emory	serial	47961
fsu	mono	1484196
fsu	multi	54351
fsu	serial	66410
getty	mono	722615
getty	multi	13920
getty	serial	17338
harvard	mono	9696596
harvard	multi	312142
harvard	serial	357031
iastate	mono	1392815
iastate	multi	46144
iastate	serial	40856
ind	mono	3148595
ind	multi	210335
ind	serial	101311
iowa	mono	2499645
iowa	multi	148669
iowa	serial	70956
jhu	mono	623113
jhu	multi	23162
jhu	serial	17028
ksu	mono	1170203
ksu	multi	47123
ksu	serial	48291
ku	mono	2824982
ku	multi	159310
ku	serial	116398
lafayette	mono	355981
lafayette	multi	16260
lafayette	serial	6253
loc	mono	9412283
loc	multi	193576
loc	serial	488833
mcgill	mono	1875489
mcgill	multi	130873
mcgill	serial	51057
miami	mono	1235830
miami	multi	69919
miami	serial	23385
minn	mono	2746878
minn	multi	200545
minn	serial	115755
missouri	mono	1543387
missouri	multi	80719
missouri	serial	67967
mit	mono	1246038
mit	multi	79160
mit	serial	61163
msu	mono	2407008
msu	multi	94783
msu	serial	115706
nccu	mono	192525
nccu	multi	6450
nccu	serial	8251
ncsu	mono	1258237
ncsu	multi	94624
ncsu	serial	38582
nd	mono	1846872
nd	multi	126819
nd	serial	43193
nwu	mono	2133705
nwu	multi	134330
nwu	serial	78362
nypl	mono	3691617
nypl	multi	276390
nypl	serial	1988115
nyu	mono	2238182
nyu	multi	124357
nyu	serial	41392
osu	mono	2304588
osu	multi	337269
osu	serial	127642
ou	mono	1826661
ou	multi	60311
ou	serial	69090
pitt	mono	2147210
pitt	multi	74085
pitt	serial	23149
prnc	mono	3482193
prnc	multi	130760
prnc	serial	84007
psu	mono	2122256
psu	multi	62334
psu	serial	59456
purd	mono	1030938
purd	multi	56469
purd	serial	48802
stanford	mono	4549917
stanford	multi	314486
stanford	serial	222883
syr	mono	1212801
syr	multi	86408
syr	serial	51209
tamu	mono	2032344
tamu	multi	104556
tamu	serial	71586
temple	mono	1409779
temple	multi	41876
temple	serial	33604
tufts	mono	676072
tufts	multi	23904
tufts	serial	13713
ua	mono	1256300
ua	multi	77352
ua	serial	45556
ualberta	mono	2508726
ualberta	multi	127445
ualberta	serial	78212
ubc	mono	542813
ubc	multi	42215
ubc	serial	11848
ucdavis	mono	1502384
ucdavis	multi	99136
ucdavis	serial	56973
uci	mono	1419067
uci	multi	78384
uci	serial	38985
ucla	mono	4731206
ucla	multi	303754
ucla	serial	146585
ucmerced	mono	94737
ucmerced	multi	2132
ucmerced	serial	133
uconn	mono	1132234
uconn	multi	60014
uconn	serial	42341
ucr	mono	1387327
ucr	multi	87144
ucr	serial	38018
ucsb	mono	1345172
ucsb	multi	73146
ucsb	serial	51509
ucsc	mono	695194
ucsc	multi	44845
ucsc	serial	18310
ucsd	mono	1268745
ucsd	multi	82911
ucsd	serial	41186
ucsf	mono	218495
ucsf	multi	19012
ucsf	serial	10708
udel	mono	1300956
udel	multi	34744
udel	serial	37013
ufl	mono	2144347
ufl	multi	90960
ufl	serial	104129
uh	mono	1376492
uh	multi	79852
uh	serial	37742
uic	mono	1341931
uic	multi	67591
uic	serial	23794
uiuc	mono	4390718
uiuc	multi	167247
uiuc	serial	140477
umass	mono	1537391
umass	multi	53849
umass	serial	34267
umd	mono	1882715
umd	multi	69584
umd	serial	55692
unc	mono	3291674
unc	multi	193343
unc	serial	117725
unl	mono	2029762
unl	multi	80359
unl	serial	100400
uom	mono	4596599
uom	multi	281159
uom	serial	183762
upenn	mono	2843287
upenn	multi	206938
upenn	serial	70655
uq	mono	715414
uq	multi	33781
uq	serial	35246
usu	mono	897129
usu	multi	33826
utah	mono	1327763
utah	multi	30627
utah	serial	16038
utk	mono	1284806
utk	multi	71823
utk	serial	38428
uva	mono	2679383
uva	multi	171524
uva	serial	88276
uvm	mono	761234
uvm	multi	52123
uvm	serial	9699
vanderbilt	mono	1244380
vanderbilt	multi	112676
vanderbilt	serial	38554
vt	mono	1120344
vt	multi	55069
vt	serial	42538
washington	mono	3051335
washington	multi	135297
washington	serial	131830
wfu	mono	777737
wfu	multi	51148
wfu	serial	14167
wisc	mono	4871801
wisc	multi	201998
wisc	serial	255151
wustl	mono	1543462
wustl	multi	113855
wustl	serial	49415
yale	mono	4758068
yale	multi	148056
yale	serial	232105
