allegheny	mono	193616
allegheny	multi	77190
allegheny	serial	92646
arizona	mono	1147800
arizona	multi	393103
arizona	serial	486121
asu	mono	1128363
asu	multi	345326
asu	serial	498187
baylor	mono	520889
baylor	multi	252213
baylor	serial	316847
bc	mono	678003
bc	multi	264400
bc	serial	297920
berkeley	mono	3020867
berkeley	multi	1454446
berkeley	serial	864110
brandeis	mono	499195
brandeis	multi	192938
brandeis	serial	210069
brown	mono	999195
brown	multi	499009
brown	serial	536504
bu	mono	545871
bu	multi	214350
bu	serial	264753
calgary	mono	53658
calgary	multi	27253
calgary	serial	54588
chi	mono	2005128
chi	multi	792723
chi	serial	742819
cmu	mono	306521
cmu	multi	130529
cmu	serial	206377
colby	mono	240967
colby	multi	85261
colby	serial	60072
columbia	mono	2037780
columbia	multi	760968
columbia	serial	761647
cornell	mono	2134092
cornell	multi	902740
cornell	serial	969255
dart	mono	833023
dart	multi	277853
dart	serial	345148
duke	mono	1454312
duke	multi	704157
duke	serial	785409
emory	mono	857484
emory	multi	307427
emory	serial	426509
fsu	mono	794529
fsu	multi	368484
fsu	serial	546483
getty	mono	145352
getty	multi	81834
getty	serial	97196
harvard	mono	2780023
harvard	multi	1219413
harvard	serial	1024827
iastate	mono	743408
iastate	multi	301505
iastate	serial	446168
ind	mono	1558249
ind	multi	641097
ind	serial	687725
iowa	mono	1288228
iowa	multi	466310
iowa	serial	684093
jhu	mono	287404
jhu	multi	97759
jhu	serial	211722
ksu	mono	695039
ksu	multi	301944
ksu	serial	452219
ku	mono	1218203
ku	multi	588555
ku	serial	672060
lafayette	mono	250418
lafayette	multi	121088
lafayette	serial	142738
loc	mono	2795014
loc	multi	945200
loc	serial	897763
mcgill	mono	861562
mcgill	multi	307157
mcgill	serial	378657
miami	mono	563606
miami	multi	158813
miami	serial	137398
minn	mono	1492598
minn	multi	653343
minn	serial	863995
missouri	mono	942750
missouri	multi	448999
missouri	serial	639429
mit	mono	560076
mit	multi	246258
mit	serial	406997
msu	mono	1206676
msu	multi	531453
msu	serial	634039
nccu	mono	125212
nccu	multi	57629
nccu	serial	88827
ncsu	mono	697560
ncsu	multi	275243
ncsu	serial	406214
nd	mono	857782
nd	multi	395247
nd	serial	465662
nwu	mono	1080250
nwu	multi	476884
nwu	serial	540657
nypl	mono	1325765
nypl	multi	607866
nypl	serial	381978
nyu	mono	1015943
nyu	multi	314728
nyu	serial	353162
osu	mono	1325571
osu	multi	558130
osu	serial	772971
ou	mono	755691
ou	multi	370946
ou	serial	502851
pitt	mono	1091387
pitt	multi	374492
pitt	serial	505435
prnc	mono	1666805
prnc	multi	745792
prnc	serial	672198
psu	mono	1036802
psu	multi	360724
psu	serial	397354
purd	mono	650683
purd	multi	304992
purd	serial	452806
stanford	mono	1704359
stanford	multi	724935
stanford	serial	887300
syr	mono	757316
syr	multi	333134
syr	serial	490154
tamu	mono	880450
tamu	multi	350723
tamu	serial	535157
temple	mono	715565
temple	multi	239473
temple	serial	340690
tufts	mono	382313
tufts	multi	169611
tufts	serial	235029
ua	mono	702663
ua	multi	299777
ua	serial	403548
ualberta	mono	1014927
ualberta	multi	298573
ualberta	serial	521468
ubc	mono	264496
ubc	multi	101901
ubc	serial	90774
ucdavis	mono	845356
ucdavis	multi	313866
ucdavis	serial	438209
uci	mono	795215
uci	multi	282818
uci	serial	422279
ucla	mono	2184533
ucla	multi	921188
ucla	serial	912639
ucm	mono	80115
ucm	multi	31886
ucmerced	mono	33823
ucmerced	multi	5068
ucmerced	serial	1674
uconn	mono	701827
uconn	multi	342626
uconn	serial	432175
ucr	mono	695883
ucr	multi	283765
ucr	serial	372491
ucsb	mono	680609
ucsb	multi	255898
ucsb	serial	420147
ucsc	mono	407041
ucsc	multi	204717
ucsc	serial	309429
ucsd	mono	714356
ucsd	multi	366048
ucsd	serial	413336
ucsf	mono	133269
ucsf	multi	58090
ucsf	serial	131115
udel	mono	720745
udel	multi	182869
udel	serial	342126
ufl	mono	1045591
ufl	multi	497028
ufl	serial	658667
uh	mono	720819
uh	multi	296896
uh	serial	409265
uic	mono	757376
uic	multi	239883
uic	serial	382208
uiuc	mono	1983253
uiuc	multi	623760
uiuc	serial	539185
umass	mono	870859
umass	multi	351741
umass	serial	432714
umd	mono	933659
umd	multi	366077
umd	serial	474538
unc	mono	1524493
unc	multi	629495
unc	serial	717972
unl	mono	919163
unl	multi	465930
unl	serial	575369
uom	mono	3289798
uom	multi	1104091
uom	serial	1732344
upenn	mono	1419131
upenn	multi	618790
upenn	serial	647185
uq	mono	270111
uq	multi	109889
uq	serial	214229
usu	mono	428808
usu	multi	97725
usu	serial	748
utah	mono	673271
utah	multi	167734
utah	serial	176878
utk	mono	763683
utk	multi	304880
utk	serial	465683
uva	mono	1357436
uva	multi	614678
uva	serial	665552
uvm	mono	456746
uvm	multi	188882
uvm	serial	278939
vanderbilt	mono	701312
vanderbilt	multi	356406
vanderbilt	serial	458390
vt	mono	594839
vt	multi	264798
vt	serial	387354
washington	mono	1582538
washington	multi	681689
washington	serial	895178
wfu	mono	461105
wfu	multi	169198
wfu	serial	209421
wisc	mono	2379257
wisc	multi	992995
wisc	serial	970102
wustl	mono	906927
wustl	multi	478927
wustl	serial	492373
yale	mono	2015682
yale	multi	753034
yale	serial	887447
