allegheny	mono	264440
allegheny	multi	16417
allegheny	serial	3068
arizona	mono	2665190
arizona	multi	316665
arizona	serial	77730
asu	mono	2561905
asu	multi	318314
asu	serial	59302
baylor	mono	1132855
baylor	multi	103578
baylor	serial	37745
bc	mono	1763995
bc	multi	271162
bc	serial	332496
berkeley	mono	5377614
berkeley	multi	1542189
berkeley	serial	223090
brandeis	mono	814387
brandeis	multi	128340
brandeis	serial	14027
brown	mono	1909455
brown	multi	158143
brown	serial	51870
bu	mono	970859
bu	multi	64241
bu	serial	16205
calgary	mono	285337
calgary	multi	3242
calgary	serial	4863
chi	mono	5130308
chi	multi	842174
chi	serial	1828713
cmu	mono	692162
cmu	multi	22941
cmu	serial	9954
colby	mono	400725
colby	multi	16375
colby	serial	3266
columbia	mono	5350949
columbia	multi	874431
columbia	serial	144938
cornell	mono	4860996
cornell	multi	948442
cornell	serial	182770
dart	mono	1565268
dart	multi	70590
dart	serial	29753
duke	mono	3312503
duke	multi	330201
duke	serial	143247
emory	mono	2102462
emory	multi	292515
emory	serial	667094
fsu	mono	1616683
fsu	multi	78651
fsu	serial	263004
getty	mono	757875
getty	multi	38979
getty	serial	17346
harvard	mono	11905197
harvard	multi	782098
harvard	serial	361379
iastate	mono	1393033
iastate	multi	46155
iastate	serial	40867
ind	mono	3489987
ind	multi	616197
ind	serial	103784
iowa	mono	3396678
iowa	multi	2199789
iowa	serial	1529672
jhu	mono	682178
jhu	multi	45303
jhu	serial	17750
ksu	mono	1569482
ksu	multi	63389
ksu	serial	48509
ku	mono	2827447
ku	multi	159373
ku	serial	116418
lafayette	mono	370108
lafayette	multi	43775
lafayette	serial	6255
loc	mono	9412284
loc	multi	193576
loc	serial	488834
mcgill	mono	2067726
mcgill	multi	414716
mcgill	serial	51548
miami	mono	1323843
miami	multi	171451
miami	serial	23989
minn	mono	3110590
minn	multi	646786
minn	serial	118458
missouri	mono	1689461
missouri	multi	190103
missouri	serial	67979
mit	mono	1416403
mit	multi	95416
mit	serial	61176
msu	mono	2407810
msu	multi	96213
msu	serial	132140
nccu	mono	239716
nccu	multi	16793
nccu	serial	8282
ncsu	mono	1398749
ncsu	multi	198841
ncsu	serial	38745
nd	mono	1856489
nd	multi	127282
nd	serial	43232
nwu	mono	2255126
nwu	multi	393515
nwu	serial	79967
nypl	mono	3757643
nypl	multi	351783
nypl	serial	199798
nyu	mono	2441239
nyu	multi	409236
nyu	serial	41618
osu	mono	3065811
osu	multi	1207942
osu	serial	1025047
ou	mono	1858474
ou	multi	60972
ou	serial	71721
pitt	mono	3116337
pitt	multi	311111
pitt	serial	25483
prnc	mono	3510315
prnc	multi	132203
prnc	serial	85570
psu	mono	3309973
psu	multi	243984
psu	serial	60943
purd	mono	1123339
purd	multi	118046
purd	serial	54158
stanford	mono	4744305
stanford	multi	881585
stanford	serial	234905
syr	mono	1280271
syr	multi	208139
syr	serial	52633
tamu	mono	2293216
tamu	multi	381888
tamu	serial	76668
temple	mono	1670237
temple	multi	109794
temple	serial	33933
tufts	mono	756759
tufts	multi	66445
tufts	serial	13722
ua	mono	1404642
ua	multi	193465
ua	serial	54701
ualberta	mono	3030894
ualberta	multi	563915
ualberta	serial	1457877
ubc	mono	556429
ubc	multi	115023
ubc	serial	11892
ucdavis	mono	1579367
ucdavis	multi	241686
ucdavis	serial	63332
uci	mono	1476102
uci	multi	214307
uci	serial	39048
ucla	mono	5785912
ucla	multi	1013622
ucla	serial	168010
ucmerced	mono	95723
ucmerced	multi	4755
ucmerced	serial	136
uconn	mono	1143073
uconn	multi	60318
uconn	serial	42503
ucr	mono	1399380
ucr	multi	87706
ucr	serial	38303
ucsb	mono	1393871
ucsb	multi	215097
ucsb	serial	51788
ucsc	mono	724758
ucsc	multi	99049
ucsc	serial	18314
ucsd	mono	1343191
ucsd	multi	235703
ucsd	serial	43714
ucsf	mono	220706
ucsf	multi	43845
ucsf	serial	11349
udel	mono	1343920
udel	multi	73605
udel	serial	37457
ufl	mono	2197287
ufl	multi	103352
ufl	serial	109367
uh	mono	1631721
uh	multi	241370
uh	serial	37756
uic	mono	1485974
uic	multi	160210
uic	serial	23818
uiuc	mono	4877247
uiuc	multi	788905
uiuc	serial	1952196
umass	mono	1539288
umass	multi	54160
umass	serial	34327
umd	mono	2277036
umd	multi	186951
umd	serial	55697
unc	mono	3818821
unc	multi	608835
unc	serial	117761
unl	mono	2366098
unl	multi	189128
unl	serial	104851
uom	mono	5269404
uom	multi	929494
uom	serial	189824
upenn	mono	3214647
upenn	multi	245297
upenn	serial	71363
uq	mono	916726
uq	multi	112203
uq	serial	35424
usu	mono	925221
usu	multi	34988
utah	mono	1369125
utah	multi	31845
utah	serial	16733
utk	mono	1288250
utk	multi	192548
utk	serial	38603
uva	mono	2887717
uva	multi	421667
uva	serial	93247
uvm	mono	782733
uvm	multi	195590
uvm	serial	9773
vanderbilt	mono	1349393
vanderbilt	multi	275729
vanderbilt	serial	38622
vt	mono	1120386
vt	multi	69546
vt	serial	42543
washington	mono	3745171
washington	multi	371409
washington	serial	131833
wfu	mono	783264
wfu	multi	51560
wfu	serial	14206
wisc	mono	4897377
wisc	multi	235790
wisc	serial	255222
wustl	mono	1543844
wustl	multi	113881
wustl	serial	49450
yale	mono	5651497
yale	multi	436662
yale	serial	234444
