jruby /htapps/pulintz.babel/Code/phdb/bin/add_source_items_to_htitem_htmember_jn.rb /afs/umich.edu/user/m/w/mwarin/phdb_scripts/data/deposits.20131217.txt

Rowcount:  100000...
	CaliTotal: 15686
	CaliHits:  15314
	OtherHits: 83518
	Deposits:  1168

Rowcount:  200000...
	CaliTotal: 32045
	CaliHits:  31566
	OtherHits: 166438
	Deposits:  1996

Rowcount:  300000...
	CaliTotal: 47041
	CaliHits:  46465
	OtherHits: 248516
	Deposits:  5019

Rowcount:  400000...
	CaliTotal: 64105
	CaliHits:  63177
	OtherHits: 327551
	Deposits:  9272

Rowcount:  500000...
	CaliTotal: 81696
	CaliHits:  80086
	OtherHits: 409315
	Deposits:  10599

Rowcount:  600000...
	CaliTotal: 99220
	CaliHits:  97041
	OtherHits: 491205
	Deposits:  11754

Rowcount:  700000...
	CaliTotal: 116326
	CaliHits:  113563
	OtherHits: 573593
	Deposits:  12844

Rowcount:  800000...
	CaliTotal: 133366
	CaliHits:  130133
	OtherHits: 656148
	Deposits:  13719

Rowcount:  900000...
	CaliTotal: 155133
	CaliHits:  151680
	OtherHits: 733978
	Deposits:  14342

Rowcount:  1000000...
	CaliTotal: 181116
	CaliHits:  177604
	OtherHits: 806417
	Deposits:  15979

Rowcount:  1100000...
	CaliTotal: 205814
	CaliHits:  202191
	OtherHits: 880903
	Deposits:  16906

Rowcount:  1200000...
	CaliTotal: 230087
	CaliHits:  226052
	OtherHits: 955807
	Deposits:  18141

Rowcount:  1300000...
	CaliTotal: 251811
	CaliHits:  247518
	OtherHits: 1033368
	Deposits:  19114

Rowc